Arguments: 
  /home/lucas/.nvm/versions/node/v10.17.0/bin/node /home/lucas/.yvm/versions/v1.22.4/bin/yarn.js add db.json

PATH: 
  /home/lucas/.nvm/versions/node/v10.17.0/bin:/home/linuxbrew/.linuxbrew/bin:/home/linuxbrew/.linuxbrew/sbin:/home/lucas/.cargo/bin:/home/lucas/.cargo/bin:/home/lucas/.rvm/gems/ruby-2.7.1/bin:/home/lucas/.rvm/gems/ruby-2.7.1@global/bin:/home/lucas/.rvm/rubies/ruby-2.7.1/bin:/home/lucas/.yvm/shim:/usr/local/heroku/bin:/home/lucas/.yvm/shim:/usr/local/heroku/bin:/home/lucas/.cargo/bin:/home/lucas/.sdkman/candidates/groovy/current/bin:/home/lucas/.sdkman/candidates/grails/current/bin:/home/lucas/.sdkman/candidates/gradle/current/bin:/usr/local/sbin:/usr/local/bin:/usr/sbin:/usr/bin:/sbin:/bin:/usr/games:/usr/local/games:/snap/bin:/home/lucas/.rvm/bin:/home/lucas/software/jdk1.7.0_79/bin:/home/lucas/software/apache-maven-3.3.3/bin:/home/lucas/software/hub-linux-amd64-2.2.1:/home/lucas/software/phantomjs-1.9.8-linux-x86_64/bin:/home/lucas/.rvm/bin:/home/lucas/software/jdk1.7.0_79/bin:/home/lucas/software/apache-maven-3.3.3/bin:/home/lucas/software/hub-linux-amd64-2.2.1:/home/lucas/software/phantomjs-1.9.8-linux-x86_64/bin:/home/lucas/.rvm/bin:/home/lucas/.rvm/bin

Yarn version: 
  1.22.4

Node version: 
  10.17.0

Platform: 
  linux x64

Trace: 
  Error: https://registry.yarnpkg.com/db.json: Not found
      at Request.params.callback [as _callback] (/home/lucas/.yvm/versions/v1.22.4/lib/cli.js:66987:18)
      at Request.self.callback (/home/lucas/.yvm/versions/v1.22.4/lib/cli.js:140748:22)
      at Request.emit (events.js:198:13)
      at Request.<anonymous> (/home/lucas/.yvm/versions/v1.22.4/lib/cli.js:141720:10)
      at Request.emit (events.js:198:13)
      at IncomingMessage.<anonymous> (/home/lucas/.yvm/versions/v1.22.4/lib/cli.js:141642:12)
      at Object.onceWrapper (events.js:286:20)
      at IncomingMessage.emit (events.js:203:15)
      at endReadableNT (_stream_readable.js:1143:12)
      at process._tickCallback (internal/process/next_tick.js:63:19)

npm manifest: 
  {
    "name": "composer",
    "version": "1.0.0",
    "description": "",
    "main": "index.js",
    "scripts": {
      "test": "echo \"Error: no test specified\" && exit 1"
    },
    "keywords": [],
    "author": "",
    "license": "ISC",
    "dependencies": {
      "@fortawesome/fontawesome-free": "^5.14.0",
      "bulma": "^0.9.0",
      "bulma-floating-button": "^1.0.2",
      "lodash": "^4.17.19",
      "lodash.clone": "^4.5.0",
      "lodash.clonedeep": "^4.5.0",
      "vue": "^2.6.11"
    }
  }

yarn manifest: 
  No manifest

Lockfile: 
  # THIS IS AN AUTOGENERATED FILE. DO NOT EDIT THIS FILE DIRECTLY.
  # yarn lockfile v1
  
  
  "@fortawesome/fontawesome-free@^5.14.0":
    version "5.14.0"
    resolved "https://registry.yarnpkg.com/@fortawesome/fontawesome-free/-/fontawesome-free-5.14.0.tgz#a371e91029ebf265015e64f81bfbf7d228c9681f"
    integrity sha512-OfdMsF+ZQgdKHP9jUbmDcRrP0eX90XXrsXIdyjLbkmSBzmMXPABB8eobUJtivaupucYaByz6WNe1PI1JuYm3qA==
  
  bulma-floating-button@^1.0.2:
    version "1.0.2"
    resolved "https://registry.yarnpkg.com/bulma-floating-button/-/bulma-floating-button-1.0.2.tgz#dc4d6d59ef9f8bab705c6d59c9254a3d4ebeb0fb"
    integrity sha512-Bd7qkbW76hFzvna1Jd+4CW9LKTHQzmBBqDMCJBH1sBDNK50vapQEAw2B2hAG2wXaBQngjmD0dh31bLWPdvq9Kw==
  
  bulma@^0.9.0:
    version "0.9.0"
    resolved "https://registry.yarnpkg.com/bulma/-/bulma-0.9.0.tgz#948c5445a49e9d7546f0826cb3820d17178a814f"
    integrity sha512-rV75CJkubNUroAt0qCRkjznZLoaXq/ctfMXsMvKSL84UetbSyx5REl96e8GoQ04G4Tkw0XF3STECffTOQrbzOQ==
  
  lodash.clone@^4.5.0:
    version "4.5.0"
    resolved "https://registry.yarnpkg.com/lodash.clone/-/lodash.clone-4.5.0.tgz#195870450f5a13192478df4bc3d23d2dea1907b6"
    integrity sha1-GVhwRQ9aExkkeN9Lw9I9LeoZB7Y=
  
  lodash.clonedeep@^4.5.0:
    version "4.5.0"
    resolved "https://registry.yarnpkg.com/lodash.clonedeep/-/lodash.clonedeep-4.5.0.tgz#e23f3f9c4f8fbdde872529c1071857a086e5ccef"
    integrity sha1-4j8/nE+Pvd6HJSnBBxhXoIblzO8=
  
  lodash@^4.17.19:
    version "4.17.19"
    resolved "https://registry.yarnpkg.com/lodash/-/lodash-4.17.19.tgz#e48ddedbe30b3321783c5b4301fbd353bc1e4a4b"
    integrity sha512-JNvd8XER9GQX0v2qJgsaN/mzFCNA5BRe/j8JN9d+tWyGLSodKQHKFicdwNYzWwI3wjRnaKPsGj1XkBjx/F96DQ==
  
  vue@^2.6.11:
    version "2.6.11"
    resolved "https://registry.yarnpkg.com/vue/-/vue-2.6.11.tgz#76594d877d4b12234406e84e35275c6d514125c5"
    integrity sha512-VfPwgcGABbGAue9+sfrD4PuwFar7gPb1yl1UK1MwXoQPAw0BKSqWfoYCT/ThFrdEVWoI51dBuyCoiNU9bZDZxQ==
